0 verbose cli /usr/local/bin/node /usr/local/bin/npm
1 info using npm@10.9.0
2 info using node@v22.11.0
3 silly config load:file:/usr/local/lib/node_modules/npm/npmrc
4 silly config load:file:/Users/matthewdigel/Documents/dev/GoldenLoopz/.npmrc
5 silly config load:file:/Users/matthewdigel/.npmrc
6 silly config load:file:/usr/local/etc/npmrc
7 verbose title npm install expo-font @expo-google-fonts/courier-prime
8 verbose argv "install" "expo-font" "@expo-google-fonts/courier-prime" "--legacy-peer-deps"
9 verbose logfile logs-max:10 dir:/Users/matthewdigel/Documents/dev/GoldenLoopz/.npm-cache/_logs/2026-01-17T13_53_10_728Z-
10 verbose logfile /Users/matthewdigel/Documents/dev/GoldenLoopz/.npm-cache/_logs/2026-01-17T13_53_10_728Z-debug-0.log
11 silly logfile done cleaning log files
12 silly packumentCache heap:4345298944 maxSize:1086324736 maxEntrySize:543162368
13 silly idealTree buildDeps
14 silly fetch manifest expo-linear-gradient@~15.0.8
15 silly packumentCache full:https://registry.npmjs.org/expo-linear-gradient cache-miss
16 verbose shrinkwrap failed to load node_modules/.package-lock.json out of date, updated: node_modules/react-native-css-interop
17 http fetch GET 200 https://registry.npmjs.org/expo-linear-gradient 379ms (cache miss)
18 silly packumentCache full:https://registry.npmjs.org/expo-linear-gradient set size:undefined disposed:false
19 silly fetch manifest expo-font@*
20 silly packumentCache full:https://registry.npmjs.org/expo-font cache-miss
21 http fetch GET 200 https://registry.npmjs.org/expo-font 39ms (cache miss)
22 silly packumentCache full:https://registry.npmjs.org/expo-font set size:undefined disposed:false
23 silly fetch manifest @expo-google-fonts/courier-prime@*
24 silly packumentCache full:https://registry.npmjs.org/@expo-google-fonts%2fcourier-prime cache-miss
25 http fetch GET 200 https://registry.npmjs.org/@expo-google-fonts%2fcourier-prime 472ms (cache miss)
26 silly packumentCache full:https://registry.npmjs.org/@expo-google-fonts%2fcourier-prime set size:undefined disposed:false
27 silly placeDep ROOT @expo-google-fonts/courier-prime@0.4.1 OK for: golden-loopz@1.0.0 want: *
28 silly placeDep ROOT expo-font@14.0.10 OK for: golden-loopz@1.0.0 want: *
29 silly placeDep ROOT expo-linear-gradient@15.0.8 OK for: golden-loopz@1.0.0 want: ~15.0.8
30 silly fetch manifest react-native-css-interop@0.2.1
31 silly packumentCache full:https://registry.npmjs.org/react-native-css-interop cache-miss
32 http fetch GET 200 https://registry.npmjs.org/react-native-css-interop 103ms (cache miss)
33 silly packumentCache full:https://registry.npmjs.org/react-native-css-interop set size:undefined disposed:false
34 silly placeDep node_modules/nativewind react-native-css-interop@0.2.1 OK for: nativewind@4.2.1 want: 0.2.1
35 silly fetch manifest lightningcss@~1.27.0
36 silly packumentCache full:https://registry.npmjs.org/lightningcss cache-miss
37 http fetch GET 200 https://registry.npmjs.org/lightningcss 40ms (cache miss)
38 silly packumentCache full:https://registry.npmjs.org/lightningcss set size:undefined disposed:false
39 silly placeDep node_modules/nativewind lightningcss@1.27.0 OK for: react-native-css-interop@0.2.1 want: ~1.27.0
40 silly fetch manifest detect-libc@^1.0.3
41 silly packumentCache full:https://registry.npmjs.org/detect-libc cache-miss
42 silly fetch manifest lightningcss-darwin-x64@1.27.0
43 silly packumentCache full:https://registry.npmjs.org/lightningcss-darwin-x64 cache-miss
44 silly fetch manifest lightningcss-freebsd-x64@1.27.0
45 silly packumentCache full:https://registry.npmjs.org/lightningcss-freebsd-x64 cache-miss
46 silly fetch manifest lightningcss-darwin-arm64@1.27.0
47 silly packumentCache full:https://registry.npmjs.org/lightningcss-darwin-arm64 cache-miss
48 silly fetch manifest lightningcss-linux-x64-gnu@1.27.0
49 silly packumentCache full:https://registry.npmjs.org/lightningcss-linux-x64-gnu cache-miss
50 silly fetch manifest lightningcss-linux-x64-musl@1.27.0
51 silly packumentCache full:https://registry.npmjs.org/lightningcss-linux-x64-musl cache-miss
52 silly fetch manifest lightningcss-win32-x64-msvc@1.27.0
53 silly packumentCache full:https://registry.npmjs.org/lightningcss-win32-x64-msvc cache-miss
54 http fetch GET 200 https://registry.npmjs.org/detect-libc 38ms (cache miss)
55 silly packumentCache full:https://registry.npmjs.org/detect-libc set size:undefined disposed:false
56 silly fetch manifest lightningcss-linux-arm64-gnu@1.27.0
57 silly packumentCache full:https://registry.npmjs.org/lightningcss-linux-arm64-gnu cache-miss
58 http fetch GET 200 https://registry.npmjs.org/lightningcss-linux-arm64-gnu 37ms (cache miss)
59 silly packumentCache full:https://registry.npmjs.org/lightningcss-linux-arm64-gnu set size:undefined disposed:false
60 silly fetch manifest lightningcss-linux-arm64-musl@1.27.0
61 silly packumentCache full:https://registry.npmjs.org/lightningcss-linux-arm64-musl cache-miss
62 http fetch GET 200 https://registry.npmjs.org/lightningcss-linux-x64-musl 81ms (cache miss)
63 silly packumentCache full:https://registry.npmjs.org/lightningcss-linux-x64-musl set size:undefined disposed:false
64 silly fetch manifest lightningcss-win32-arm64-msvc@1.27.0
65 silly packumentCache full:https://registry.npmjs.org/lightningcss-win32-arm64-msvc cache-miss
66 http fetch GET 200 https://registry.npmjs.org/lightningcss-freebsd-x64 84ms (cache miss)
67 silly packumentCache full:https://registry.npmjs.org/lightningcss-freebsd-x64 set size:undefined disposed:false
68 silly fetch manifest lightningcss-linux-arm-gnueabihf@1.27.0
69 silly packumentCache full:https://registry.npmjs.org/lightningcss-linux-arm-gnueabihf cache-miss
70 http fetch GET 200 https://registry.npmjs.org/lightningcss-linux-x64-gnu 88ms (cache miss)
71 silly packumentCache full:https://registry.npmjs.org/lightningcss-linux-x64-gnu set size:undefined disposed:false
72 http fetch GET 200 https://registry.npmjs.org/lightningcss-darwin-arm64 90ms (cache miss)
73 silly packumentCache full:https://registry.npmjs.org/lightningcss-darwin-arm64 set size:undefined disposed:false
74 http fetch GET 200 https://registry.npmjs.org/lightningcss-darwin-x64 103ms (cache miss)
75 silly packumentCache full:https://registry.npmjs.org/lightningcss-darwin-x64 set size:undefined disposed:false
76 http fetch GET 200 https://registry.npmjs.org/lightningcss-win32-x64-msvc 107ms (cache miss)
77 silly packumentCache full:https://registry.npmjs.org/lightningcss-win32-x64-msvc set size:undefined disposed:false
78 http fetch GET 200 https://registry.npmjs.org/lightningcss-linux-arm64-musl 33ms (cache miss)
79 silly packumentCache full:https://registry.npmjs.org/lightningcss-linux-arm64-musl set size:undefined disposed:false
80 http fetch GET 200 https://registry.npmjs.org/lightningcss-win32-arm64-msvc 31ms (cache miss)
81 silly packumentCache full:https://registry.npmjs.org/lightningcss-win32-arm64-msvc set size:undefined disposed:false
82 http fetch GET 200 https://registry.npmjs.org/lightningcss-linux-arm-gnueabihf 36ms (cache miss)
83 silly packumentCache full:https://registry.npmjs.org/lightningcss-linux-arm-gnueabihf set size:undefined disposed:false
84 silly placeDep node_modules/nativewind detect-libc@1.0.3 OK for: lightningcss@1.27.0 want: ^1.0.3
85 silly placeDep node_modules/nativewind lightningcss-darwin-arm64@1.27.0 OK for: lightningcss@1.27.0 want: 1.27.0
86 silly placeDep node_modules/nativewind lightningcss-darwin-x64@1.27.0 OK for: lightningcss@1.27.0 want: 1.27.0
87 silly placeDep node_modules/nativewind lightningcss-freebsd-x64@1.27.0 OK for: lightningcss@1.27.0 want: 1.27.0
88 silly placeDep node_modules/nativewind lightningcss-linux-arm-gnueabihf@1.27.0 OK for: lightningcss@1.27.0 want: 1.27.0
89 silly placeDep node_modules/nativewind lightningcss-linux-arm64-gnu@1.27.0 OK for: lightningcss@1.27.0 want: 1.27.0
90 silly placeDep node_modules/nativewind lightningcss-linux-arm64-musl@1.27.0 OK for: lightningcss@1.27.0 want: 1.27.0
91 silly placeDep node_modules/nativewind lightningcss-linux-x64-gnu@1.27.0 OK for: lightningcss@1.27.0 want: 1.27.0
92 silly placeDep node_modules/nativewind lightningcss-linux-x64-musl@1.27.0 OK for: lightningcss@1.27.0 want: 1.27.0
93 silly placeDep node_modules/nativewind lightningcss-win32-arm64-msvc@1.27.0 OK for: lightningcss@1.27.0 want: 1.27.0
94 silly placeDep node_modules/nativewind lightningcss-win32-x64-msvc@1.27.0 OK for: lightningcss@1.27.0 want: 1.27.0
95 silly reify mark retired [
95 silly reify   '/Users/matthewdigel/Documents/dev/GoldenLoopz/node_modules/expo/node_modules/expo-font'
95 silly reify ]
96 silly reify moves {
96 silly reify   '/Users/matthewdigel/Documents/dev/GoldenLoopz/node_modules/expo/node_modules/expo-font': '/Users/matthewdigel/Documents/dev/GoldenLoopz/node_modules/expo/node_modules/.expo-font-PH9ymrzH'
96 silly reify }
97 silly audit bulk request {
97 silly audit   '@0no-co/graphql.web': [ '1.2.0' ],
97 silly audit   '@alloc/quick-lru': [ '5.2.0' ],
97 silly audit   '@babel/code-frame': [ '7.10.4', '7.27.1' ],
97 silly audit   '@babel/compat-data': [ '7.28.5' ],
97 silly audit   '@babel/core': [ '7.28.5' ],
97 silly audit   semver: [ '6.3.1', '7.7.2', '7.7.3' ],
97 silly audit   '@babel/generator': [ '7.28.5' ],
97 silly audit   '@babel/helper-annotate-as-pure': [ '7.27.3' ],
97 silly audit   '@babel/helper-compilation-targets': [ '7.27.2' ],
97 silly audit   '@babel/helper-create-class-features-plugin': [ '7.28.5' ],
97 silly audit   '@babel/helper-create-regexp-features-plugin': [ '7.28.5' ],
97 silly audit   '@babel/helper-define-polyfill-provider': [ '0.6.5' ],
97 silly audit   '@babel/helper-globals': [ '7.28.0' ],
97 silly audit   '@babel/helper-member-expression-to-functions': [ '7.28.5' ],
97 silly audit   '@babel/helper-module-imports': [ '7.27.1' ],
97 silly audit   '@babel/helper-module-transforms': [ '7.28.3' ],
97 silly audit   '@babel/helper-optimise-call-expression': [ '7.27.1' ],
97 silly audit   '@babel/helper-plugin-utils': [ '7.27.1' ],
97 silly audit   '@babel/helper-remap-async-to-generator': [ '7.27.1' ],
97 silly audit   '@babel/helper-replace-supers': [ '7.27.1' ],
97 silly audit   '@babel/helper-skip-transparent-expression-wrappers': [ '7.27.1' ],
97 silly audit   '@babel/helper-string-parser': [ '7.27.1' ],
97 silly audit   '@babel/helper-validator-identifier': [ '7.28.5' ],
97 silly audit   '@babel/helper-validator-option': [ '7.27.1' ],
97 silly audit   '@babel/helper-wrap-function': [ '7.28.3' ],
97 silly audit   '@babel/helpers': [ '7.28.4' ],
97 silly audit   '@babel/highlight': [ '7.25.9' ],
97 silly audit   '@babel/parser': [ '7.28.5' ],
97 silly audit   '@babel/plugin-proposal-decorators': [ '7.28.0' ],
97 silly audit   '@babel/plugin-proposal-export-default-from': [ '7.27.1' ],
97 silly audit   '@babel/plugin-syntax-async-generators': [ '7.8.4' ],
97 silly audit   '@babel/plugin-syntax-bigint': [ '7.8.3' ],
97 silly audit   '@babel/plugin-syntax-class-properties': [ '7.12.13' ],
97 silly audit   '@babel/plugin-syntax-class-static-block': [ '7.14.5' ],
97 silly audit   '@babel/plugin-syntax-decorators': [ '7.27.1' ],
97 silly audit   '@babel/plugin-syntax-dynamic-import': [ '7.8.3' ],
97 silly audit   '@babel/plugin-syntax-export-default-from': [ '7.27.1' ],
97 silly audit   '@babel/plugin-syntax-flow': [ '7.27.1' ],
97 silly audit   '@babel/plugin-syntax-import-attributes': [ '7.27.1' ],
97 silly audit   '@babel/plugin-syntax-import-meta': [ '7.10.4' ],
97 silly audit   '@babel/plugin-syntax-json-strings': [ '7.8.3' ],
97 silly audit   '@babel/plugin-syntax-jsx': [ '7.27.1' ],
97 silly audit   '@babel/plugin-syntax-logical-assignment-operators': [ '7.10.4' ],
97 silly audit   '@babel/plugin-syntax-nullish-coalescing-operator': [ '7.8.3' ],
97 silly audit   '@babel/plugin-syntax-numeric-separator': [ '7.10.4' ],
97 silly audit   '@babel/plugin-syntax-object-rest-spread': [ '7.8.3' ],
97 silly audit   '@babel/plugin-syntax-optional-catch-binding': [ '7.8.3' ],
97 silly audit   '@babel/plugin-syntax-optional-chaining': [ '7.8.3' ],
97 silly audit   '@babel/plugin-syntax-private-property-in-object': [ '7.14.5' ],
97 silly audit   '@babel/plugin-syntax-top-level-await': [ '7.14.5' ],
97 silly audit   '@babel/plugin-syntax-typescript': [ '7.27.1' ],
97 silly audit   '@babel/plugin-transform-arrow-functions': [ '7.27.1' ],
97 silly audit   '@babel/plugin-transform-async-generator-functions': [ '7.28.0' ],
97 silly audit   '@babel/plugin-transform-async-to-generator': [ '7.27.1' ],
97 silly audit   '@babel/plugin-transform-block-scoping': [ '7.28.5' ],
97 silly audit   '@babel/plugin-transform-class-properties': [ '7.27.1' ],
97 silly audit   '@babel/plugin-transform-class-static-block': [ '7.28.3' ],
97 silly audit   '@babel/plugin-transform-classes': [ '7.28.4' ],
97 silly audit   '@babel/plugin-transform-computed-properties': [ '7.27.1' ],
97 silly audit   '@babel/plugin-transform-destructuring': [ '7.28.5' ],
97 silly audit   '@babel/plugin-transform-export-namespace-from': [ '7.27.1' ],
97 silly audit   '@babel/plugin-transform-flow-strip-types': [ '7.27.1' ],
97 silly audit   '@babel/plugin-transform-for-of': [ '7.27.1' ],
97 silly audit   '@babel/plugin-transform-function-name': [ '7.27.1' ],
97 silly audit   '@babel/plugin-transform-literals': [ '7.27.1' ],
97 silly audit   '@babel/plugin-transform-logical-assignment-operators': [ '7.28.5' ],
97 silly audit   '@babel/plugin-transform-modules-commonjs': [ '7.27.1' ],
97 silly audit   '@babel/plugin-transform-named-capturing-groups-regex': [ '7.27.1' ],
97 silly audit   '@babel/plugin-transform-nullish-coalescing-operator': [ '7.27.1' ],
97 silly audit   '@babel/plugin-transform-numeric-separator': [ '7.27.1' ],
97 silly audit   '@babel/plugin-transform-object-rest-spread': [ '7.28.4' ],
97 silly audit   '@babel/plugin-transform-optional-catch-binding': [ '7.27.1' ],
97 silly audit   '@babel/plugin-transform-optional-chaining': [ '7.28.5', '7.27.1' ],
97 silly audit   '@babel/plugin-transform-parameters': [ '7.27.7' ],
97 silly audit   '@babel/plugin-transform-private-methods': [ '7.27.1' ],
97 silly audit   '@babel/plugin-transform-private-property-in-object': [ '7.27.1' ],
97 silly audit   '@babel/plugin-transform-react-display-name': [ '7.28.0' ],
97 silly audit   '@babel/plugin-transform-react-jsx': [ '7.27.1' ],
97 silly audit   '@babel/plugin-transform-react-jsx-development': [ '7.27.1' ],
97 silly audit   '@babel/plugin-transform-react-jsx-self': [ '7.27.1' ],
97 silly audit   '@babel/plugin-transform-react-jsx-source': [ '7.27.1' ],
97 silly audit   '@babel/plugin-transform-react-pure-annotations': [ '7.27.1' ],
97 silly audit   '@babel/plugin-transform-regenerator': [ '7.28.4' ],
97 silly audit   '@babel/plugin-transform-runtime': [ '7.28.5' ],
97 silly audit   '@babel/plugin-transform-shorthand-properties': [ '7.27.1' ],
97 silly audit   '@babel/plugin-transform-spread': [ '7.27.1' ],
97 silly audit   '@babel/plugin-transform-sticky-regex': [ '7.27.1' ],
97 silly audit   '@babel/plugin-transform-template-literals': [ '7.27.1' ],
97 silly audit   '@babel/plugin-transform-typescript': [ '7.28.5' ],
97 silly audit   '@babel/plugin-transform-unicode-regex': [ '7.27.1' ],
97 silly audit   '@babel/preset-react': [ '7.28.5' ],
97 silly audit   '@babel/preset-typescript': [ '7.28.5', '7.27.1' ],
97 silly audit   '@babel/runtime': [ '7.28.4' ],
97 silly audit   '@babel/template': [ '7.27.2' ],
97 silly audit   '@babel/traverse': [ '7.28.5' ],
97 silly audit   '@babel/types': [ '7.28.5' ],
97 silly audit   '@egjs/hammerjs': [ '2.0.17' ],
97 silly audit   '@expo/code-signing-certificates': [ '0.0.6' ],
97 silly audit   '@expo/config': [ '12.0.13' ],
97 silly audit   '@expo/config-plugins': [ '54.0.4' ],
97 silly audit   'ansi-styles': [ '4.3.0', '3.2.1', '5.2.0' ],
97 silly audit   chalk: [ '4.1.2', '2.4.2' ],
97 silly audit   'color-convert': [ '2.0.1', '1.9.3' ],
97 silly audit   'color-name': [ '1.1.4', '1.1.3' ],
97 silly audit   'has-flag': [ '4.0.0', '3.0.0' ],
97 silly audit   'supports-color': [ '7.2.0', '8.1.1', '5.5.0' ],
97 silly audit   '@expo/config-types': [ '54.0.10' ],
97 silly audit   '@expo/devcert': [ '1.2.1' ],
97 silly audit   debug: [ '3.2.7', '2.6.9', '4.4.3' ],
97 silly audit   '@expo/devtools': [ '0.1.8' ],
97 silly audit   '@expo/env': [ '2.0.8' ],
97 silly audit   '@expo/fingerprint': [ '0.15.4' ],
97 silly audit   '@expo/image-utils': [ '0.8.8' ],
97 silly audit   '@expo/json-file': [ '10.0.8' ],
97 silly audit   '@expo/metro': [ '54.2.0' ],
97 silly audit   '@expo/osascript': [ '2.3.8' ],
97 silly audit   '@expo/package-manager': [ '1.9.9' ],
97 silly audit   '@expo/plist': [ '0.4.8' ],
97 silly audit   '@expo/schema-utils': [ '0.1.8' ],
97 silly audit   '@expo/sdk-runtime-versions': [ '1.0.0' ],
97 silly audit   '@expo/spawn-async': [ '1.7.2' ],
97 silly audit   '@expo/sudo-prompt': [ '9.3.2' ],
97 silly audit   '@expo/ws-tunnel': [ '1.0.6' ],
97 silly audit   '@expo/xcpretty': [ '4.3.2' ],
97 silly audit   argparse: [ '2.0.1', '1.0.10' ],
97 silly audit   'find-up': [ '5.0.0', '4.1.0' ],
97 silly audit   'js-yaml': [ '4.1.1', '3.14.2' ],
97 silly audit   'locate-path': [ '6.0.0', '5.0.0' ],
97 silly audit   'p-locate': [ '5.0.0', '4.1.0' ],
97 silly audit   '@isaacs/balanced-match': [ '4.0.1' ],
97 silly audit   '@isaacs/brace-expansion': [ '5.0.0' ],
97 silly audit   '@isaacs/fs-minipass': [ '4.0.1' ],
97 silly audit   '@isaacs/ttlcache': [ '1.4.1' ],
97 silly audit   '@istanbuljs/load-nyc-config': [ '1.1.0' ],
97 silly audit   camelcase: [ '5.3.1', '6.3.0' ],
97 silly audit   '@istanbuljs/schema': [ '0.1.3' ],
97 silly audit   '@jest/create-cache-key-function': [ '29.7.0' ],
97 silly audit   '@jest/environment': [ '29.7.0' ],
97 silly audit   '@jest/fake-timers': [ '29.7.0' ],
97 silly audit   '@jest/schemas': [ '29.6.3' ],
97 silly audit   '@jest/transform': [ '29.7.0' ],
97 silly audit   '@jest/types': [ '29.6.3' ],
97 silly audit   '@jridgewell/gen-mapping': [ '0.3.13' ],
97 silly audit   '@jridgewell/remapping': [ '2.3.5' ],
97 silly audit   '@jridgewell/resolve-uri': [ '3.1.2' ],
97 silly audit   '@jridgewell/source-map': [ '0.3.11' ],
97 silly audit   '@jridgewell/sourcemap-codec': [ '1.5.5' ],
97 silly audit   '@jridgewell/trace-mapping': [ '0.3.31' ],
97 silly audit   '@nodelib/fs.scandir': [ '2.1.5' ],
97 silly audit   '@nodelib/fs.stat': [ '2.0.5' ],
97 silly audit   '@nodelib/fs.walk': [ '1.2.8' ],
97 silly audit   '@posthog/core': [ '1.9.1' ],
97 silly audit   '@react-native-async-storage/async-storage': [ '2.2.0' ],
97 silly audit   '@react-native-community/slider': [ '5.0.1' ],
97 silly audit   '@react-native/assets-registry': [ '0.81.5' ],
97 silly audit   '@react-native/babel-plugin-codegen': [ '0.81.5' ],
97 silly audit   '@react-native/babel-preset': [ '0.81.5' ],
97 silly audit   '@react-native/codegen': [ '0.81.5' ],
97 silly audit   'brace-expansion': [ '1.1.12', '2.0.2' ],
97 silly audit   glob: [ '7.2.3', '13.0.0' ],
97 silly audit   'hermes-estree': [ '0.29.1', '0.32.0' ],
97 silly audit   'hermes-parser': [ '0.29.1', '0.32.0' ],
97 silly audit   minimatch: [ '3.1.2', '10.1.1', '9.0.5' ],
97 silly audit   '@react-native/community-cli-plugin': [ '0.81.5' ],
97 silly audit   '@react-native/debugger-frontend': [ '0.81.5' ],
97 silly audit   '@react-native/dev-middleware': [ '0.81.5' ],
97 silly audit   ws: [ '6.2.3', '8.19.0', '7.5.10' ],
97 silly audit   '@react-native/gradle-plugin': [ '0.81.5' ],
97 silly audit   '@react-native/js-polyfills': [ '0.81.5' ],
97 silly audit   '@react-native/normalize-colors': [ '0.81.5' ],
97 silly audit   '@react-navigation/bottom-tabs': [ '7.9.0' ],
97 silly audit   '@react-navigation/core': [ '7.13.7' ],
97 silly audit   'escape-string-regexp': [ '4.0.0', '1.0.5', '2.0.0' ],
97 silly audit   'react-is': [ '19.2.3', '16.13.1', '18.3.1' ],
97 silly audit   '@react-navigation/elements': [ '2.9.3' ],
97 silly audit   '@react-navigation/native': [ '7.1.26' ],
97 silly audit   '@react-navigation/native-stack': [ '7.9.0' ],
97 silly audit   '@react-navigation/routers': [ '7.5.3' ],
97 silly audit   '@sinclair/typebox': [ '0.27.8' ],
97 silly audit   '@sinonjs/commons': [ '3.0.1' ],
97 silly audit   '@sinonjs/fake-timers': [ '10.3.0' ],
97 silly audit   '@types/babel__core': [ '7.20.5' ],
97 silly audit   '@types/babel__generator': [ '7.27.0' ],
97 silly audit   '@types/babel__template': [ '7.4.4' ],
97 silly audit   '@types/babel__traverse': [ '7.28.0' ],
97 silly audit   '@types/graceful-fs': [ '4.1.9' ],
97 silly audit   '@types/hammerjs': [ '2.0.46' ],
97 silly audit   '@types/istanbul-lib-coverage': [ '2.0.6' ],
97 silly audit   '@types/istanbul-lib-report': [ '3.0.3' ],
97 silly audit   '@types/istanbul-reports': [ '3.0.4' ],
97 silly audit   '@types/node': [ '25.0.6' ],
97 silly audit   '@types/react': [ '19.1.17' ],
97 silly audit   '@types/stack-utils': [ '2.0.3' ],
97 silly audit   '@types/yargs': [ '17.0.35' ],
97 silly audit   '@types/yargs-parser': [ '21.0.3' ],
97 silly audit   '@ungap/structured-clone': [ '1.3.0' ],
97 silly audit   '@urql/core': [ '5.2.0' ],
97 silly audit   '@urql/exchange-retry': [ '1.3.2' ],
97 silly audit   '@xmldom/xmldom': [ '0.8.11' ],
97 silly audit   'abort-controller': [ '3.0.0' ],
97 silly audit   accepts: [ '1.3.8' ],
97 silly audit   acorn: [ '8.15.0' ],
97 silly audit   'agent-base': [ '7.1.4' ],
97 silly audit   anser: [ '1.4.10' ],
97 silly audit   'ansi-escapes': [ '4.3.2' ],
97 silly audit   'type-fest': [ '0.21.3', '0.7.1' ],
97 silly audit   'ansi-regex': [ '5.0.1', '4.1.1' ],
97 silly audit   'any-promise': [ '1.3.0' ],
97 silly audit   anymatch: [ '3.1.3' ],
97 silly audit   arg: [ '5.0.2' ],
97 silly audit   'array-timsort': [ '1.0.3' ],
97 silly audit   asap: [ '2.0.6' ],
97 silly audit   'async-limiter': [ '1.0.1' ],
97 silly audit   'babel-jest': [ '29.7.0' ],
97 silly audit   'babel-plugin-istanbul': [ '6.1.1' ],
97 silly audit   'babel-plugin-jest-hoist': [ '29.6.3' ],
97 silly audit   'babel-plugin-polyfill-corejs2': [ '0.4.14' ],
97 silly audit   'babel-plugin-polyfill-corejs3': [ '0.13.0' ],
97 silly audit   'babel-plugin-polyfill-regenerator': [ '0.6.5' ],
97 silly audit   'babel-plugin-react-compiler': [ '1.0.0' ],
97 silly audit   'babel-plugin-react-native-web': [ '0.21.2' ],
97 silly audit   'babel-plugin-syntax-hermes-parser': [ '0.29.1' ],
97 silly audit   'babel-plugin-transform-flow-enums': [ '0.0.2' ],
97 silly audit   'babel-preset-current-node-syntax': [ '1.2.0' ],
97 silly audit   'babel-preset-expo': [ '54.0.9' ],
97 silly audit   'babel-preset-jest': [ '29.6.3' ],
97 silly audit   'balanced-match': [ '1.0.2' ],
97 silly audit   'base64-js': [ '1.5.1' ],
97 silly audit   'baseline-browser-mapping': [ '2.9.14' ],
97 silly audit   'better-opn': [ '3.0.2' ],
97 silly audit   open: [ '8.4.2', '7.4.2' ],
97 silly audit   'big-integer': [ '1.6.52' ],
97 silly audit   'binary-extensions': [ '2.3.0' ],
97 silly audit   boolbase: [ '1.0.0' ],
97 silly audit   'bplist-creator': [ '0.1.0' ],
97 silly audit   'bplist-parser': [ '0.3.1' ],
97 silly audit   braces: [ '3.0.3' ],
97 silly audit   browserslist: [ '4.28.1' ],
97 silly audit   bser: [ '2.1.1' ],
97 silly audit   buffer: [ '5.7.1' ],
97 silly audit   'buffer-from': [ '1.1.2' ],
97 silly audit   bytes: [ '3.1.2' ],
97 silly audit   'camelcase-css': [ '2.0.1' ],
97 silly audit   'caniuse-lite': [ '1.0.30001763' ],
97 silly audit   chokidar: [ '3.6.0' ],
97 silly audit   'glob-parent': [ '5.1.2', '6.0.2' ],
97 silly audit   chownr: [ '3.0.0' ],
97 silly audit   'chrome-launcher': [ '0.15.2' ],
97 silly audit   'chromium-edge-launcher': [ '0.2.0' ],
97 silly audit   'ci-info': [ '2.0.0', '3.9.0' ],
97 silly audit   'cli-cursor': [ '2.1.0' ],
97 silly audit   'cli-spinners': [ '2.9.2' ],
97 silly audit   cliui: [ '8.0.1' ],
97 silly audit   clone: [ '1.0.4' ],
97 silly audit   color: [ '4.2.3' ],
97 silly audit   'color-string': [ '1.9.1' ],
97 silly audit   commander: [ '7.2.0', '12.1.0', '4.1.1', '2.20.3' ],
97 silly audit   'comment-json': [ '4.5.1' ],
97 silly audit   compressible: [ '2.0.18' ],
97 silly audit   compression: [ '1.8.1' ],
97 silly audit   ms: [ '2.0.0', '2.1.3' ],
97 silly audit   negotiator: [ '0.6.4', '0.6.3' ],
97 silly audit   'concat-map': [ '0.0.1' ],
97 silly audit   connect: [ '3.7.0' ],
97 silly audit   'convert-source-map': [ '2.0.0' ],
97 silly audit   'core-js-compat': [ '3.47.0' ],
97 silly audit   'core-util-is': [ '1.0.3' ],
97 silly audit   'cross-spawn': [ '7.0.6' ],
97 silly audit   'crypto-random-string': [ '2.0.0' ],
97 silly audit   'css-select': [ '5.2.2' ],
97 silly audit   'css-tree': [ '1.1.3' ],
97 silly audit   'source-map': [ '0.6.1', '0.5.7' ],
97 silly audit   'css-what': [ '6.2.2' ],
97 silly audit   cssesc: [ '3.0.0' ],
97 silly audit   csstype: [ '3.2.3' ],
97 silly audit   'date-fns': [ '4.1.0' ],
97 silly audit   'decode-uri-component': [ '0.2.2' ],
97 silly audit   'deep-extend': [ '0.6.0' ],
97 silly audit   deepmerge: [ '4.3.1' ],
97 silly audit   defaults: [ '1.0.4' ],
97 silly audit   'define-lazy-prop': [ '2.0.0' ],
97 silly audit   depd: [ '2.0.0' ],
97 silly audit   destroy: [ '1.2.0' ],
97 silly audit   'detect-libc': [ '2.1.2', '1.0.3' ],
97 silly audit   didyoumean: [ '1.2.2' ],
97 silly audit   dlv: [ '1.1.3' ],
97 silly audit   'dom-serializer': [ '2.0.0' ],
97 silly audit   domelementtype: [ '2.3.0' ],
97 silly audit   domhandler: [ '5.0.3' ],
97 silly audit   domutils: [ '3.2.2' ],
97 silly audit   dotenv: [ '16.4.7' ],
97 silly audit   'dotenv-expand': [ '11.0.7' ],
97 silly audit   'ee-first': [ '1.1.1' ],
97 silly audit   'electron-to-chromium': [ '1.5.267' ],
97 silly audit   'emoji-regex': [ '8.0.0' ],
97 silly audit   encodeurl: [ '1.0.2', '2.0.0' ],
97 silly audit   entities: [ '4.5.0' ],
97 silly audit   'env-editor': [ '0.4.2' ],
97 silly audit   'error-stack-parser': [ '2.1.4' ],
97 silly audit   escalade: [ '3.2.0' ],
97 silly audit   'escape-html': [ '1.0.3' ],
97 silly audit   esprima: [ '4.0.1' ],
97 silly audit   etag: [ '1.8.1' ],
97 silly audit   'event-target-shim': [ '5.0.1' ],
97 silly audit   'exec-async': [ '2.2.0' ],
97 silly audit   expo: [ '54.0.31' ],
97 silly audit   'expo-haptics': [ '15.0.8' ],
97 silly audit   'expo-modules-autolinking': [ '3.0.24' ],
97 silly audit   'expo-modules-core': [ '3.0.29' ],
97 silly audit   'expo-server': [ '1.0.5' ],
97 silly audit   'expo-status-bar': [ '3.0.9' ],
97 silly audit   '@expo/cli': [ '54.0.21' ],
97 silly audit   '@expo/prebuild-config': [ '54.0.8' ],
97 silly audit   '@expo/metro-config': [ '54.0.13' ],
97 silly audit   '@expo/vector-icons': [ '15.0.3' ],
97 silly audit   'expo-asset': [ '12.0.12' ],
97 silly audit   'expo-constants': [ '18.0.13' ],
97 silly audit   'expo-file-system': [ '19.0.21' ],
97 silly audit   'expo-font': [ '14.0.10' ],
97 silly audit   'expo-keep-awake': [ '15.0.8' ],
97 silly audit   picomatch: [ '3.0.1', '2.3.1', '4.0.3' ],
97 silly audit   'exponential-backoff': [ '3.1.3' ],
97 silly audit   'fast-deep-equal': [ '3.1.3' ],
97 silly audit   'fast-glob': [ '3.3.3' ],
97 silly audit   'fast-json-stable-stringify': [ '2.1.0' ],
97 silly audit   fastq: [ '1.20.1' ],
97 silly audit   'fb-watchman': [ '2.0.2' ],
97 silly audit   'fill-range': [ '7.1.1' ],
97 silly audit   'filter-obj': [ '1.1.0' ],
97 silly audit   finalhandler: [ '1.1.2' ],
97 silly audit   'flow-enums-runtime': [ '0.0.6' ],
97 silly audit   fontfaceobserver: [ '2.3.0' ],
97 silly audit   'freeport-async': [ '2.0.0' ],
97 silly audit   fresh: [ '0.5.2' ],
97 silly audit   'fs.realpath': [ '1.0.0' ],
97 silly audit   fsevents: [ '2.3.3' ],
97 silly audit   'function-bind': [ '1.1.2' ],
97 silly audit   gensync: [ '1.0.0-beta.2' ],
97 silly audit   'get-caller-file': [ '2.0.5' ],
97 silly audit   'get-package-type': [ '0.1.0' ],
97 silly audit   getenv: [ '2.0.0' ],
97 silly audit   'global-dirs': [ '0.1.1' ],
97 silly audit   'graceful-fs': [ '4.2.11' ],
97 silly audit   hasown: [ '2.0.2' ],
97 silly audit   'hoist-non-react-statics': [ '3.3.2' ],
97 silly audit   'hosted-git-info': [ '7.0.2' ],
97 silly audit   'lru-cache': [ '10.4.3', '5.1.1', '11.2.4' ],
97 silly audit   'http-errors': [ '2.0.1' ],
97 silly audit   statuses: [ '2.0.2', '1.5.0' ],
97 silly audit   'https-proxy-agent': [ '7.0.6' ],
97 silly audit   ieee754: [ '1.2.1' ],
97 silly audit   ignore: [ '5.3.2' ],
97 silly audit   'image-size': [ '1.2.1' ],
97 silly audit   imurmurhash: [ '0.1.4' ],
97 silly audit   inflight: [ '1.0.6' ],
97 silly audit   inherits: [ '2.0.4' ],
97 silly audit   ini: [ '1.3.8' ],
97 silly audit   invariant: [ '2.2.4' ],
97 silly audit   'is-arrayish': [ '0.3.4' ],
97 silly audit   'is-binary-path': [ '2.1.0' ],
97 silly audit   'is-core-module': [ '2.16.1' ],
97 silly audit   'is-docker': [ '2.2.1' ],
97 silly audit   'is-extglob': [ '2.1.1' ],
97 silly audit   'is-fullwidth-code-point': [ '3.0.0' ],
97 silly audit   'is-glob': [ '4.0.3' ],
97 silly audit   'is-number': [ '7.0.0' ],
97 silly audit   'is-plain-obj': [ '2.1.0' ],
97 silly audit   'is-wsl': [ '2.2.0' ],
97 silly audit   isexe: [ '2.0.0' ],
97 silly audit   'istanbul-lib-coverage': [ '3.2.2' ],
97 silly audit   'istanbul-lib-instrument': [ '5.2.1' ],
97 silly audit   'jest-environment-node': [ '29.7.0' ],
97 silly audit   'jest-get-type': [ '29.6.3' ],
97 silly audit   'jest-haste-map': [ '29.7.0' ],
97 silly audit   'jest-message-util': [ '29.7.0' ],
97 silly audit   'jest-mock': [ '29.7.0' ],
97 silly audit   'jest-regex-util': [ '29.6.3' ],
97 silly audit   'jest-util': [ '29.7.0' ],
97 silly audit   'jest-validate': [ '29.7.0' ],
97 silly audit   'jest-worker': [ '29.7.0' ],
97 silly audit   'jimp-compact': [ '0.16.1' ],
97 silly audit   jiti: [ '1.21.7' ],
97 silly audit   'js-tokens': [ '4.0.0' ],
97 silly audit   'jsc-safe-url': [ '0.2.4' ],
97 silly audit   jsesc: [ '3.1.0' ],
97 silly audit   json5: [ '2.2.3' ],
97 silly audit   kleur: [ '3.0.3' ],
97 silly audit   'lan-network': [ '0.1.7' ],
97 silly audit   leven: [ '3.1.0' ],
97 silly audit   'lighthouse-logger': [ '1.4.2' ],
97 silly audit   lightningcss: [ '1.30.2', '1.27.0' ],
97 silly audit   'lightningcss-android-arm64': [ '1.30.2' ],
97 silly audit   'lightningcss-darwin-arm64': [ '1.30.2', '1.27.0' ],
97 silly audit   'lightningcss-darwin-x64': [ '1.30.2', '1.27.0' ],
97 silly audit   'lightningcss-freebsd-x64': [ '1.30.2', '1.27.0' ],
97 silly audit   'lightningcss-linux-arm-gnueabihf': [ '1.30.2', '1.27.0' ],
97 silly audit   'lightningcss-linux-arm64-gnu': [ '1.30.2', '1.27.0' ],
97 silly audit   'lightningcss-linux-arm64-musl': [ '1.30.2', '1.27.0' ],
97 silly audit   'lightningcss-linux-x64-gnu': [ '1.30.2', '1.27.0' ],
97 silly audit   'lightningcss-linux-x64-musl': [ '1.30.2', '1.27.0' ],
97 silly audit   'lightningcss-win32-arm64-msvc': [ '1.30.2', '1.27.0' ],
97 silly audit   'lightningcss-win32-x64-msvc': [ '1.30.2', '1.27.0' ],
97 silly audit   lilconfig: [ '3.1.3' ],
97 silly audit   'lines-and-columns': [ '1.2.4' ],
97 silly audit   'lodash.debounce': [ '4.0.8' ],
97 silly audit   'lodash.throttle': [ '4.1.1' ],
97 silly audit   'log-symbols': [ '2.2.0' ],
97 silly audit   'loose-envify': [ '1.4.0' ],
97 silly audit   'lucide-react-native': [ '0.544.0' ],
97 silly audit   makeerror: [ '1.0.12' ],
97 silly audit   marky: [ '1.3.0' ],
97 silly audit   'mdn-data': [ '2.0.14' ],
97 silly audit   'memoize-one': [ '5.2.1' ],
97 silly audit   'merge-options': [ '3.0.4' ],
97 silly audit   'merge-stream': [ '2.0.0' ],
97 silly audit   merge2: [ '1.4.1' ],
97 silly audit   metro: [ '0.83.3' ],
97 silly audit   'metro-babel-transformer': [ '0.83.3' ],
97 silly audit   'metro-cache': [ '0.83.3' ],
97 silly audit   'metro-cache-key': [ '0.83.3' ],
97 silly audit   'metro-config': [ '0.83.3' ],
97 silly audit   'metro-core': [ '0.83.3' ],
97 silly audit   'metro-file-map': [ '0.83.3' ],
97 silly audit   'metro-minify-terser': [ '0.83.3' ],
97 silly audit   'metro-resolver': [ '0.83.3' ],
97 silly audit   'metro-runtime': [ '0.83.3' ],
97 silly audit   'metro-source-map': [ '0.83.3' ],
97 silly audit   'metro-symbolicate': [ '0.83.3' ],
97 silly audit   'metro-transform-plugins': [ '0.83.3' ],
97 silly audit   'metro-transform-worker': [ '0.83.3' ],
97 silly audit   micromatch: [ '4.0.8' ],
97 silly audit   mime: [ '1.6.0' ],
97 silly audit   'mime-db': [ '1.52.0' ],
97 silly audit   'mime-types': [ '2.1.35' ],
97 silly audit   'mimic-fn': [ '1.2.0' ],
97 silly audit   minimist: [ '1.2.8' ],
97 silly audit   minipass: [ '7.1.2' ],
97 silly audit   minizlib: [ '3.1.0' ],
97 silly audit   mkdirp: [ '1.0.4' ],
97 silly audit   mz: [ '2.7.0' ],
97 silly audit   nanoid: [ '3.3.11' ],
97 silly audit   nativewind: [ '4.2.1' ],
97 silly audit   'nested-error-stacks': [ '2.0.1' ],
97 silly audit   'node-forge': [ '1.3.3' ],
97 silly audit   'node-int64': [ '0.4.0' ],
97 silly audit   'node-releases': [ '2.0.27' ],
97 silly audit   'normalize-path': [ '3.0.0' ],
97 silly audit   'npm-package-arg': [ '11.0.3' ],
97 silly audit   'nth-check': [ '2.1.1' ],
97 silly audit   nullthrows: [ '1.1.1' ],
97 silly audit   ob1: [ '0.83.3' ],
97 silly audit   'object-assign': [ '4.1.1' ],
97 silly audit   'object-hash': [ '3.0.0' ],
97 silly audit   'on-finished': [ '2.3.0', '2.4.1' ],
97 silly audit   'on-headers': [ '1.1.0' ],
97 silly audit   once: [ '1.4.0' ],
97 silly audit   onetime: [ '2.0.1' ],
97 silly audit   ora: [ '3.4.0' ],
97 silly audit   'strip-ansi': [ '5.2.0', '6.0.1' ],
97 silly audit   'p-limit': [ '3.1.0', '2.3.0' ],
97 silly audit   'p-try': [ '2.2.0' ],
97 silly audit   'parse-png': [ '2.1.0' ],
97 silly audit   parseurl: [ '1.3.3' ],
97 silly audit   'path-exists': [ '4.0.0' ],
97 silly audit   'path-is-absolute': [ '1.0.1' ],
97 silly audit   'path-key': [ '3.1.1' ],
97 silly audit   'path-parse': [ '1.0.7' ],
97 silly audit   'path-scurry': [ '2.0.1' ],
97 silly audit   picocolors: [ '1.1.1' ],
97 silly audit   pify: [ '2.3.0' ],
97 silly audit   pirates: [ '4.0.7' ],
97 silly audit   plist: [ '3.1.0' ],
97 silly audit   pngjs: [ '3.4.0' ],
97 silly audit   postcss: [ '8.4.49' ],
97 silly audit   'postcss-import': [ '15.1.0' ],
97 silly audit   'postcss-js': [ '4.1.0' ],
97 silly audit   'postcss-load-config': [ '6.0.1' ],
97 silly audit   'postcss-nested': [ '6.2.0' ],
97 silly audit   'postcss-selector-parser': [ '6.1.2' ],
97 silly audit   'postcss-value-parser': [ '4.2.0' ],
97 silly audit   'posthog-react-native': [ '4.17.3' ],
97 silly audit   'pretty-bytes': [ '5.6.0' ],
97 silly audit   'pretty-format': [ '29.7.0' ],
97 silly audit   'proc-log': [ '4.2.0' ],
97 silly audit   progress: [ '2.0.3' ],
97 silly audit   promise: [ '8.3.0' ],
97 silly audit   prompts: [ '2.4.2' ],
97 silly audit   punycode: [ '2.3.1' ],
97 silly audit   'qrcode-terminal': [ '0.11.0' ],
97 silly audit   'query-string': [ '7.1.3' ],
97 silly audit   queue: [ '6.0.2' ],
97 silly audit   'queue-microtask': [ '1.2.3' ],
97 silly audit   'range-parser': [ '1.2.1' ],
97 silly audit   rc: [ '1.2.8' ],
97 silly audit   react: [ '19.1.0' ],
97 silly audit   'react-devtools-core': [ '6.1.5' ],
97 silly audit   'react-freeze': [ '1.0.4' ],
97 silly audit   'react-native': [ '0.81.5' ],
97 silly audit   'react-native-css-interop': [ '0.1.22', '0.2.1' ],
97 silly audit   'react-native-gesture-handler': [ '2.28.0' ],
97 silly audit   'react-native-is-edge-to-edge': [ '1.2.1' ],
97 silly audit   'react-native-reanimated': [ '4.1.6' ],
97 silly audit   'react-native-safe-area-context': [ '5.6.2' ],
97 silly audit   'react-native-screens': [ '4.16.0' ],
97 silly audit   'react-native-svg': [ '15.12.1' ],
97 silly audit   'react-native-worklets': [ '0.7.1' ],
97 silly audit   '@react-native/virtualized-lists': [ '0.81.5' ],
97 silly audit   'react-refresh': [ '0.14.2' ],
97 silly audit   'read-cache': [ '1.0.0' ],
97 silly audit   readdirp: [ '3.6.0' ],
97 silly audit   regenerate: [ '1.4.2' ],
97 silly audit   'regenerate-unicode-properties': [ '10.2.2' ],
97 silly audit   'regenerator-runtime': [ '0.13.11' ],
97 silly audit   'regexpu-core': [ '6.4.0' ],
97 silly audit   regjsgen: [ '0.8.0' ],
97 silly audit   regjsparser: [ '0.13.0' ],
97 silly audit   'require-directory': [ '2.1.1' ],
97 silly audit   'require-from-string': [ '2.0.2' ],
97 silly audit   requireg: [ '0.2.2' ],
97 silly audit   resolve: [ '1.7.1', '1.22.11' ],
97 silly audit   'resolve-from': [ '5.0.0' ],
97 silly audit   'resolve-global': [ '1.0.0' ],
97 silly audit   'resolve-workspace-root': [ '2.0.1' ],
97 silly audit   'resolve.exports': [ '2.0.3' ],
97 silly audit   'restore-cursor': [ '2.0.0' ],
97 silly audit   reusify: [ '1.1.0' ],
97 silly audit   rimraf: [ '3.0.2' ],
97 silly audit   'run-parallel': [ '1.2.0' ],
97 silly audit   'safe-buffer': [ '5.2.1' ],
97 silly audit   sax: [ '1.4.4' ],
97 silly audit   scheduler: [ '0.26.0' ],
97 silly audit   send: [ '0.19.2' ],
97 silly audit   'serialize-error': [ '2.1.0' ],
97 silly audit   'serve-static': [ '1.16.3' ],
97 silly audit   setprototypeof: [ '1.2.0' ],
97 silly audit   'sf-symbols-typescript': [ '2.2.0' ],
97 silly audit   'shebang-command': [ '2.0.0' ],
97 silly audit   'shebang-regex': [ '3.0.0' ],
97 silly audit   'shell-quote': [ '1.8.3' ],
97 silly audit   'signal-exit': [ '3.0.7' ],
97 silly audit   'simple-plist': [ '1.3.1' ],
97 silly audit   'simple-swizzle': [ '0.2.4' ],
97 silly audit   sisteransi: [ '1.0.5' ],
97 silly audit   slash: [ '3.0.0' ],
97 silly audit   slugify: [ '1.6.6' ],
97 silly audit   'source-map-js': [ '1.2.1' ],
97 silly audit   'source-map-support': [ '0.5.21' ],
97 silly audit   'split-on-first': [ '1.1.0' ],
97 silly audit   'sprintf-js': [ '1.0.3' ],
97 silly audit   'stack-utils': [ '2.0.6' ],
97 silly audit   stackframe: [ '1.3.4' ],
97 silly audit   'stacktrace-parser': [ '0.1.11' ],
97 silly audit   'stream-buffers': [ '2.2.0' ],
97 silly audit   'strict-uri-encode': [ '2.0.0' ],
97 silly audit   'string-width': [ '4.2.3' ],
97 silly audit   'strip-json-comments': [ '2.0.1' ],
97 silly audit   'structured-headers': [ '0.4.1' ],
97 silly audit   sucrase: [ '3.35.1' ],
97 silly audit   'supports-hyperlinks': [ '2.3.0' ],
97 silly audit   'supports-preserve-symlinks-flag': [ '1.0.0' ],
97 silly audit   tailwindcss: [ '3.4.19' ],
97 silly audit   tar: [ '7.5.2' ],
97 silly audit   yallist: [ '5.0.0', '3.1.1' ],
97 silly audit   'temp-dir': [ '2.0.0' ],
97 silly audit   'terminal-link': [ '2.1.1' ],
97 silly audit   terser: [ '5.44.1' ],
97 silly audit   'test-exclude': [ '6.0.0' ],
97 silly audit   thenify: [ '3.3.1' ],
97 silly audit   'thenify-all': [ '1.6.0' ],
97 silly audit   throat: [ '5.0.0' ],
97 silly audit   tinyglobby: [ '0.2.15' ],
97 silly audit   fdir: [ '6.5.0' ],
97 silly audit   tmpl: [ '1.0.5' ],
97 silly audit   'to-regex-range': [ '5.0.1' ],
97 silly audit   toidentifier: [ '1.0.1' ],
97 silly audit   'ts-interface-checker': [ '0.1.13' ],
97 silly audit   'type-detect': [ '4.0.8' ],
97 silly audit   typescript: [ '5.9.3' ],
97 silly audit   undici: [ '6.23.0' ],
97 silly audit   'undici-types': [ '7.16.0' ],
97 silly audit   'unicode-canonical-property-names-ecmascript': [ '2.0.1' ],
97 silly audit   'unicode-match-property-ecmascript': [ '2.0.0' ],
97 silly audit   'unicode-match-property-value-ecmascript': [ '2.2.1' ],
97 silly audit   'unicode-property-aliases-ecmascript': [ '2.2.0' ],
97 silly audit   'unique-string': [ '2.0.0' ],
97 silly audit   unpipe: [ '1.0.0' ],
97 silly audit   'update-browserslist-db': [ '1.2.3' ],
97 silly audit   'use-latest-callback': [ '0.2.6' ],
97 silly audit   'use-sync-external-store': [ '1.6.0' ],
97 silly audit   'util-deprecate': [ '1.0.2' ],
97 silly audit   'utils-merge': [ '1.0.1' ],
97 silly audit   uuid: [ '7.0.3' ],
97 silly audit   'validate-npm-package-name': [ '5.0.1' ],
97 silly audit   vary: [ '1.1.2' ],
97 silly audit   vlq: [ '1.0.1' ],
97 silly audit   walker: [ '1.0.8' ],
97 silly audit   'warn-once': [ '0.1.1' ],
97 silly audit   wcwidth: [ '1.0.1' ],
97 silly audit   'webidl-conversions': [ '5.0.0' ],
97 silly audit   'whatwg-fetch': [ '3.6.20' ],
97 silly audit   'whatwg-url-without-unicode': [ '8.0.0-3' ],
97 silly audit   which: [ '2.0.2' ],
97 silly audit   wonka: [ '6.3.5' ],
97 silly audit   'wrap-ansi': [ '7.0.0' ],
97 silly audit   wrappy: [ '1.0.2' ],
97 silly audit   'write-file-atomic': [ '4.0.2' ],
97 silly audit   xcode: [ '3.0.1' ],
97 silly audit   xml2js: [ '0.6.0' ],
97 silly audit   xmlbuilder: [ '11.0.1', '15.1.1' ],
97 silly audit   y18n: [ '5.0.8' ],
97 silly audit   yaml: [ '2.8.2' ],
97 silly audit   yargs: [ '17.7.2' ],
97 silly audit   'yargs-parser': [ '21.1.1' ],
97 silly audit   'yocto-queue': [ '0.1.0' ],
97 silly audit   zustand: [ '5.0.9' ],
97 silly audit   '@expo-google-fonts/courier-prime': [ '0.4.1' ],
97 silly audit   'expo-linear-gradient': [ '15.0.8' ]
97 silly audit }
98 verbose reify failed optional dependency /Users/matthewdigel/Documents/dev/GoldenLoopz/node_modules/lightningcss-win32-x64-msvc
99 silly reify mark deleted [
99 silly reify   '/Users/matthewdigel/Documents/dev/GoldenLoopz/node_modules/lightningcss-win32-x64-msvc'
99 silly reify ]
100 verbose reify failed optional dependency /Users/matthewdigel/Documents/dev/GoldenLoopz/node_modules/lightningcss-win32-arm64-msvc
101 silly reify mark deleted [
101 silly reify   '/Users/matthewdigel/Documents/dev/GoldenLoopz/node_modules/lightningcss-win32-arm64-msvc'
101 silly reify ]
102 verbose reify failed optional dependency /Users/matthewdigel/Documents/dev/GoldenLoopz/node_modules/lightningcss-linux-x64-musl
103 silly reify mark deleted [
103 silly reify   '/Users/matthewdigel/Documents/dev/GoldenLoopz/node_modules/lightningcss-linux-x64-musl'
103 silly reify ]
104 verbose reify failed optional dependency /Users/matthewdigel/Documents/dev/GoldenLoopz/node_modules/lightningcss-linux-x64-gnu
105 silly reify mark deleted [
105 silly reify   '/Users/matthewdigel/Documents/dev/GoldenLoopz/node_modules/lightningcss-linux-x64-gnu'
105 silly reify ]
106 verbose reify failed optional dependency /Users/matthewdigel/Documents/dev/GoldenLoopz/node_modules/lightningcss-linux-arm64-musl
107 silly reify mark deleted [
107 silly reify   '/Users/matthewdigel/Documents/dev/GoldenLoopz/node_modules/lightningcss-linux-arm64-musl'
107 silly reify ]
108 verbose reify failed optional dependency /Users/matthewdigel/Documents/dev/GoldenLoopz/node_modules/lightningcss-linux-arm64-gnu
109 silly reify mark deleted [
109 silly reify   '/Users/matthewdigel/Documents/dev/GoldenLoopz/node_modules/lightningcss-linux-arm64-gnu'
109 silly reify ]
110 verbose reify failed optional dependency /Users/matthewdigel/Documents/dev/GoldenLoopz/node_modules/lightningcss-linux-arm-gnueabihf
111 silly reify mark deleted [
111 silly reify   '/Users/matthewdigel/Documents/dev/GoldenLoopz/node_modules/lightningcss-linux-arm-gnueabihf'
111 silly reify ]
112 verbose reify failed optional dependency /Users/matthewdigel/Documents/dev/GoldenLoopz/node_modules/lightningcss-freebsd-x64
113 silly reify mark deleted [
113 silly reify   '/Users/matthewdigel/Documents/dev/GoldenLoopz/node_modules/lightningcss-freebsd-x64'
113 silly reify ]
114 verbose reify failed optional dependency /Users/matthewdigel/Documents/dev/GoldenLoopz/node_modules/lightningcss-darwin-x64
115 silly reify mark deleted [
115 silly reify   '/Users/matthewdigel/Documents/dev/GoldenLoopz/node_modules/lightningcss-darwin-x64'
115 silly reify ]
116 verbose reify failed optional dependency /Users/matthewdigel/Documents/dev/GoldenLoopz/node_modules/lightningcss-android-arm64
117 silly reify mark deleted [
117 silly reify   '/Users/matthewdigel/Documents/dev/GoldenLoopz/node_modules/lightningcss-android-arm64'
117 silly reify ]
118 verbose reify failed optional dependency /Users/matthewdigel/Documents/dev/GoldenLoopz/node_modules/nativewind/node_modules/lightningcss-win32-x64-msvc
119 silly reify mark deleted [
119 silly reify   '/Users/matthewdigel/Documents/dev/GoldenLoopz/node_modules/nativewind/node_modules/lightningcss-win32-x64-msvc'
119 silly reify ]
120 verbose reify failed optional dependency /Users/matthewdigel/Documents/dev/GoldenLoopz/node_modules/nativewind/node_modules/lightningcss-win32-arm64-msvc
121 silly reify mark deleted [
121 silly reify   '/Users/matthewdigel/Documents/dev/GoldenLoopz/node_modules/nativewind/node_modules/lightningcss-win32-arm64-msvc'
121 silly reify ]
122 verbose reify failed optional dependency /Users/matthewdigel/Documents/dev/GoldenLoopz/node_modules/nativewind/node_modules/lightningcss-linux-x64-musl
123 silly reify mark deleted [
123 silly reify   '/Users/matthewdigel/Documents/dev/GoldenLoopz/node_modules/nativewind/node_modules/lightningcss-linux-x64-musl'
123 silly reify ]
124 verbose reify failed optional dependency /Users/matthewdigel/Documents/dev/GoldenLoopz/node_modules/nativewind/node_modules/lightningcss-linux-x64-gnu
125 silly reify mark deleted [
125 silly reify   '/Users/matthewdigel/Documents/dev/GoldenLoopz/node_modules/nativewind/node_modules/lightningcss-linux-x64-gnu'
125 silly reify ]
126 verbose reify failed optional dependency /Users/matthewdigel/Documents/dev/GoldenLoopz/node_modules/nativewind/node_modules/lightningcss-linux-arm64-musl
127 silly reify mark deleted [
127 silly reify   '/Users/matthewdigel/Documents/dev/GoldenLoopz/node_modules/nativewind/node_modules/lightningcss-linux-arm64-musl'
127 silly reify ]
128 verbose reify failed optional dependency /Users/matthewdigel/Documents/dev/GoldenLoopz/node_modules/nativewind/node_modules/lightningcss-linux-arm64-gnu
129 silly reify mark deleted [
129 silly reify   '/Users/matthewdigel/Documents/dev/GoldenLoopz/node_modules/nativewind/node_modules/lightningcss-linux-arm64-gnu'
129 silly reify ]
130 verbose reify failed optional dependency /Users/matthewdigel/Documents/dev/GoldenLoopz/node_modules/nativewind/node_modules/lightningcss-linux-arm-gnueabihf
131 silly reify mark deleted [
131 silly reify   '/Users/matthewdigel/Documents/dev/GoldenLoopz/node_modules/nativewind/node_modules/lightningcss-linux-arm-gnueabihf'
131 silly reify ]
132 verbose reify failed optional dependency /Users/matthewdigel/Documents/dev/GoldenLoopz/node_modules/nativewind/node_modules/lightningcss-freebsd-x64
133 silly reify mark deleted [
133 silly reify   '/Users/matthewdigel/Documents/dev/GoldenLoopz/node_modules/nativewind/node_modules/lightningcss-freebsd-x64'
133 silly reify ]
134 verbose reify failed optional dependency /Users/matthewdigel/Documents/dev/GoldenLoopz/node_modules/nativewind/node_modules/lightningcss-darwin-x64
135 silly reify mark deleted [
135 silly reify   '/Users/matthewdigel/Documents/dev/GoldenLoopz/node_modules/nativewind/node_modules/lightningcss-darwin-x64'
135 silly reify ]
136 silly tarball no local data for @expo-google-fonts/courier-prime@https://registry.npmjs.org/@expo-google-fonts/courier-prime/-/courier-prime-0.4.1.tgz. Extracting by manifest.
137 silly tarball no local data for expo-font@https://registry.npmjs.org/expo-font/-/expo-font-14.0.10.tgz. Extracting by manifest.
138 silly tarball no local data for lightningcss@https://registry.npmjs.org/lightningcss/-/lightningcss-1.27.0.tgz. Extracting by manifest.
139 silly tarball no local data for detect-libc@https://registry.npmjs.org/detect-libc/-/detect-libc-1.0.3.tgz. Extracting by manifest.
140 silly tarball no local data for lightningcss-darwin-arm64@https://registry.npmjs.org/lightningcss-darwin-arm64/-/lightningcss-darwin-arm64-1.27.0.tgz. Extracting by manifest.
141 silly tarball no local data for react-native-css-interop@https://registry.npmjs.org/react-native-css-interop/-/react-native-css-interop-0.2.1.tgz. Extracting by manifest.
142 silly tarball no local data for expo-linear-gradient@https://registry.npmjs.org/expo-linear-gradient/-/expo-linear-gradient-15.0.8.tgz. Extracting by manifest.
143 http fetch GET 200 https://registry.npmjs.org/detect-libc/-/detect-libc-1.0.3.tgz 43ms (cache miss)
144 http fetch GET 200 https://registry.npmjs.org/lightningcss/-/lightningcss-1.27.0.tgz 48ms (cache miss)
145 http fetch GET 200 https://registry.npmjs.org/expo-font/-/expo-font-14.0.10.tgz 75ms (cache miss)
146 http fetch POST 200 https://registry.npmjs.org/-/npm/v1/security/advisories/bulk 118ms
147 silly audit report {
147 silly audit report   tar: [
147 silly audit report     {
147 silly audit report       id: 1112255,
147 silly audit report       url: 'https://github.com/advisories/GHSA-8qq5-rm4j-mr97',
147 silly audit report       title: 'node-tar is Vulnerable to Arbitrary File Overwrite and Symlink Poisoning via Insufficient Path Sanitization',
147 silly audit report       severity: 'high',
147 silly audit report       vulnerable_versions: '<=7.5.2',
147 silly audit report       cwe: [Array],
147 silly audit report       cvss: [Object]
147 silly audit report     }
147 silly audit report   ]
147 silly audit report }
148 silly packumentCache corgi:https://registry.npmjs.org/tar cache-miss
149 http fetch GET 200 https://registry.npmjs.org/expo-linear-gradient/-/expo-linear-gradient-15.0.8.tgz 118ms (cache miss)
150 http fetch GET 200 https://registry.npmjs.org/react-native-css-interop/-/react-native-css-interop-0.2.1.tgz 124ms (cache miss)
151 http fetch GET 200 https://registry.npmjs.org/lightningcss-darwin-arm64/-/lightningcss-darwin-arm64-1.27.0.tgz 134ms (cache miss)
152 http fetch GET 200 https://registry.npmjs.org/tar 140ms (cache miss)
153 silly packumentCache corgi:https://registry.npmjs.org/tar set size:undefined disposed:false
154 silly packumentCache corgi:https://registry.npmjs.org/@expo%2fcli cache-miss
155 http fetch GET 200 https://registry.npmjs.org/@expo-google-fonts/courier-prime/-/courier-prime-0.4.1.tgz 282ms (cache miss)
156 http fetch GET 200 https://registry.npmjs.org/@expo%2fcli 567ms (cache miss)
157 silly packumentCache corgi:https://registry.npmjs.org/@expo%2fcli set size:undefined disposed:false
158 silly ADD node_modules/expo-linear-gradient
159 silly ADD node_modules/expo-font
160 silly ADD node_modules/@expo-google-fonts/courier-prime
161 silly ADD
162 silly ADD
163 silly ADD
164 silly ADD
165 silly ADD
166 silly ADD
167 silly ADD
168 silly ADD
169 silly ADD
170 silly ADD
171 silly ADD
172 silly ADD
173 silly ADD
174 silly ADD
175 silly ADD
176 silly ADD
177 silly ADD
178 silly ADD
179 silly ADD
180 silly ADD node_modules/nativewind/node_modules/lightningcss-darwin-arm64
181 silly ADD node_modules/nativewind/node_modules/detect-libc
182 silly ADD node_modules/nativewind/node_modules/lightningcss
183 silly ADD node_modules/nativewind/node_modules/react-native-css-interop
184 silly REMOVE node_modules/expo/node_modules/expo-font
185 verbose cwd /Users/matthewdigel/Documents/dev/GoldenLoopz
186 verbose os Darwin 23.5.0
187 verbose node v22.11.0
188 verbose npm  v10.9.0
189 verbose exit 0
190 info ok
