0 verbose cli /usr/local/bin/node /usr/local/bin/npm
1 info using npm@10.9.0
2 info using node@v22.11.0
3 silly config load:file:/usr/local/lib/node_modules/npm/npmrc
4 silly config load:file:/Users/matthewdigel/Documents/dev/GoldenLoopz/.npmrc
5 silly config load:file:/Users/matthewdigel/.npmrc
6 silly config load:file:/usr/local/etc/npmrc
7 verbose title npm install expo-font @expo-google-fonts/courier-prime
8 verbose argv "install" "expo-font" "@expo-google-fonts/courier-prime" "--legacy-peer-deps"
9 verbose logfile logs-max:10 dir:/Users/matthewdigel/Documents/dev/GoldenLoopz/.npm-cache/_logs/2026-01-17T13_51_05_276Z-
10 verbose logfile /Users/matthewdigel/Documents/dev/GoldenLoopz/.npm-cache/_logs/2026-01-17T13_51_05_276Z-debug-0.log
11 silly logfile done cleaning log files
12 silly packumentCache heap:4345298944 maxSize:1086324736 maxEntrySize:543162368
13 verbose stack Error: Override for react-native-css-interop@^0.1.22 conflicts with direct dependency
13 verbose stack     at Node.assertRootOverrides (/usr/local/lib/node_modules/npm/node_modules/@npmcli/arborist/lib/node.js:1336:29)
13 verbose stack     at #loadActual (/usr/local/lib/node_modules/npm/node_modules/@npmcli/arborist/lib/arborist/load-actual.js:133:24)
13 verbose stack     at async Promise.all (index 0)
13 verbose stack     at async Arborist.reify (/usr/local/lib/node_modules/npm/node_modules/@npmcli/arborist/lib/arborist/reify.js:131:5)
13 verbose stack     at async Install.exec (/usr/local/lib/node_modules/npm/lib/commands/install.js:150:5)
13 verbose stack     at async Npm.exec (/usr/local/lib/node_modules/npm/lib/npm.js:207:9)
13 verbose stack     at async module.exports (/usr/local/lib/node_modules/npm/lib/cli/entry.js:74:5)
14 error code EOVERRIDE
15 error Override for react-native-css-interop@^0.1.22 conflicts with direct dependency
16 silly unfinished npm timer reify 1768657865477
17 silly unfinished npm timer reify:loadTrees 1768657865477
18 silly unfinished npm timer idealTree 1768657865477
19 silly unfinished npm timer idealTree:init 1768657865477
20 verbose cwd /Users/matthewdigel/Documents/dev/GoldenLoopz
21 verbose os Darwin 23.5.0
22 verbose node v22.11.0
23 verbose npm  v10.9.0
24 verbose exit 1
25 verbose code 1
26 error A complete log of this run can be found in: /Users/matthewdigel/Documents/dev/GoldenLoopz/.npm-cache/_logs/2026-01-17T13_51_05_276Z-debug-0.log
